2025-10-16 09:38:03 [DEBUG] headless mode
2025-10-16 09:38:04 [INFO] driver was started
2025-10-16 09:38:04 [INFO] Open page: https://rabota.by/vacancies/specialist_po_informacionnoy_bezopasnosti?page=0&search&hhtmFrom=vacancy_search_list
2025-10-16 09:38:08 [INFO] Get page: https://rabota.by/vacancies/specialist_po_informacionnoy_bezopasnosti?page=0&search&hhtmFrom=vacancy_search_list
2025-10-16 09:38:11 [INFO] return answer
2025-10-16 09:38:11 [INFO] Open page: https://rabota.by/vacancies/specialist_po_informacionnoy_bezopasnosti?page=1&search&hhtmFrom=vacancy_search_list
2025-10-16 09:38:13 [INFO] Get page: https://rabota.by/vacancies/specialist_po_informacionnoy_bezopasnosti?page=1&search&hhtmFrom=vacancy_search_list
2025-10-16 09:38:16 [INFO] return answer
2025-10-16 09:38:18 [INFO]  Найдено 84 вакансий.
2025-10-16 09:38:20 [DEBUG] headless mode
2025-10-16 09:38:20 [DEBUG] headless mode
2025-10-16 09:38:20 [DEBUG] headless mode
2025-10-16 09:38:20 [DEBUG] headless mode
2025-10-16 09:38:20 [DEBUG] headless mode
2025-10-16 09:38:20 [DEBUG] headless mode
2025-10-16 09:38:20 [DEBUG] headless mode
2025-10-16 09:38:20 [DEBUG] headless mode
2025-10-16 09:38:20 [DEBUG] headless mode
2025-10-16 09:38:20 [DEBUG] headless mode
2025-10-16 09:38:22 [INFO] driver was started
2025-10-16 09:38:22 [INFO] driver was started
2025-10-16 09:38:23 [INFO] driver was started
2025-10-16 09:38:23 [INFO] driver was started
2025-10-16 09:38:23 [INFO] driver was started
2025-10-16 09:38:24 [INFO] driver was started
2025-10-16 09:38:24 [INFO] driver was started
2025-10-16 09:38:24 [INFO] driver was started
2025-10-16 09:38:24 [INFO] driver was started
2025-10-16 09:38:24 [INFO] driver was started
2025-10-16 09:38:36 [DEBUG] headless mode
2025-10-16 09:38:36 [DEBUG] headless mode
2025-10-16 09:38:37 [DEBUG] headless mode
2025-10-16 09:38:38 [INFO] driver was started
2025-10-16 09:38:38 [INFO] driver was started
2025-10-16 09:38:39 [DEBUG] headless mode
2025-10-16 09:38:40 [INFO] driver was started
2025-10-16 09:38:41 [INFO] driver was started
2025-10-16 09:38:43 [DEBUG] headless mode
2025-10-16 09:38:45 [DEBUG] headless mode
2025-10-16 09:38:46 [INFO] driver was started
2025-10-16 09:38:46 [DEBUG] headless mode
2025-10-16 09:38:51 [INFO] driver was started
2025-10-16 09:38:52 [INFO] driver was started
2025-10-16 09:38:55 [DEBUG] headless mode
2025-10-16 09:38:55 [DEBUG] headless mode
2025-10-16 09:38:59 [INFO] driver was started
2025-10-16 09:38:59 [INFO] driver was started
2025-10-16 09:39:00 [DEBUG] headless mode
2025-10-16 09:39:00 [DEBUG] headless mode
2025-10-16 09:39:00 [DEBUG] headless mode
2025-10-16 09:39:00 [DEBUG] headless mode
2025-10-16 09:39:05 [INFO] driver was started
2025-10-16 09:39:05 [INFO] driver was started
2025-10-16 09:39:05 [INFO] driver was started
2025-10-16 09:39:06 [INFO] driver was started
2025-10-16 09:39:06 [DEBUG] headless mode
2025-10-16 09:39:06 [DEBUG] headless mode
2025-10-16 09:39:11 [DEBUG] headless mode
2025-10-16 09:39:11 [DEBUG] headless mode
2025-10-16 09:39:16 [INFO] driver was started
2025-10-16 09:39:17 [INFO] driver was started
2025-10-16 09:39:22 [INFO] driver was started
2025-10-16 09:39:22 [INFO] driver was started
2025-10-16 09:39:28 [DEBUG] headless mode
2025-10-16 09:39:38 [INFO] driver was started
2025-10-16 09:42:10 [DEBUG] headless mode
2025-10-16 09:42:12 [INFO] driver was started
2025-10-16 09:42:12 [INFO] Open page: https://rabota.by/vacancies/specialist_po_informacionnoy_bezopasnosti?page=0&search&hhtmFrom=vacancy_search_list
2025-10-16 09:42:16 [INFO] Get page: https://rabota.by/vacancies/specialist_po_informacionnoy_bezopasnosti?page=0&search&hhtmFrom=vacancy_search_list
2025-10-16 09:42:18 [INFO] return answer
2025-10-16 09:42:18 [INFO] Open page: https://rabota.by/vacancies/specialist_po_informacionnoy_bezopasnosti?page=1&search&hhtmFrom=vacancy_search_list
2025-10-16 09:42:21 [INFO] Get page: https://rabota.by/vacancies/specialist_po_informacionnoy_bezopasnosti?page=1&search&hhtmFrom=vacancy_search_list
2025-10-16 09:42:23 [INFO] return answer
2025-10-16 09:42:25 [INFO]  Найдено 84 вакансий.
2025-10-16 09:42:27 [DEBUG] headless mode
2025-10-16 09:42:27 [DEBUG] headless mode
2025-10-16 09:42:27 [DEBUG] headless mode
2025-10-16 09:42:27 [DEBUG] headless mode
2025-10-16 09:42:27 [DEBUG] headless mode
2025-10-16 09:42:27 [DEBUG] headless mode
2025-10-16 09:42:27 [DEBUG] headless mode
2025-10-16 09:42:27 [DEBUG] headless mode
2025-10-16 09:42:27 [DEBUG] headless mode
2025-10-16 09:42:27 [DEBUG] headless mode
2025-10-16 09:42:29 [INFO] driver was started
2025-10-16 09:42:29 [INFO] driver was started
2025-10-16 09:42:30 [INFO] driver was started
2025-10-16 09:42:30 [INFO] driver was started
2025-10-16 09:42:31 [INFO] driver was started
2025-10-16 09:42:31 [INFO] driver was started
2025-10-16 09:42:32 [INFO] driver was started
2025-10-16 09:42:32 [INFO] driver was started
2025-10-16 09:42:32 [INFO] driver was started
2025-10-16 09:42:33 [INFO] driver was started
2025-10-16 09:42:44 [DEBUG] headless mode
2025-10-16 09:42:45 [DEBUG] headless mode
2025-10-16 09:42:45 [DEBUG] headless mode
2025-10-16 09:42:45 [DEBUG] headless mode
2025-10-16 09:42:45 [DEBUG] headless mode
2025-10-16 09:42:45 [DEBUG] headless mode
2025-10-16 09:42:45 [DEBUG] headless mode
2025-10-16 09:42:46 [INFO] driver was started
2025-10-16 09:42:47 [INFO] driver was started
2025-10-16 09:42:48 [DEBUG] headless mode
2025-10-16 09:42:48 [DEBUG] headless mode
2025-10-16 09:42:48 [INFO] driver was started
2025-10-16 09:42:48 [INFO] driver was started
2025-10-16 09:42:49 [INFO] driver was started
2025-10-16 09:42:49 [INFO] driver was started
2025-10-16 09:42:49 [DEBUG] headless mode
2025-10-16 09:42:51 [INFO] driver was started
2025-10-16 09:42:55 [INFO] driver was started
2025-10-16 09:42:55 [INFO] driver was started
2025-10-16 09:42:59 [INFO] driver was started
2025-10-16 09:43:09 [DEBUG] headless mode
2025-10-16 09:43:10 [DEBUG] headless mode
2025-10-16 09:43:11 [DEBUG] headless mode
2025-10-16 09:43:12 [DEBUG] headless mode
2025-10-16 09:43:12 [INFO] driver was started
2025-10-16 09:43:12 [DEBUG] headless mode
2025-10-16 09:43:13 [DEBUG] headless mode
2025-10-16 09:43:13 [DEBUG] headless mode
2025-10-16 09:43:13 [DEBUG] headless mode
2025-10-16 09:43:13 [INFO] driver was started
2025-10-16 09:43:14 [INFO] driver was started
2025-10-16 09:43:15 [INFO] driver was started
2025-10-16 09:43:16 [INFO] driver was started
2025-10-16 09:43:22 [INFO] driver was started
2025-10-16 09:43:22 [INFO] driver was started
2025-10-16 09:43:22 [INFO] driver was started
2025-10-16 09:47:31 [DEBUG] headless mode
2025-10-16 09:47:33 [INFO] driver was started
2025-10-16 09:47:33 [INFO] Open page: https://rabota.by/vacancies/specialist_po_informacionnoy_bezopasnosti?page=0&search&hhtmFrom=vacancy_search_list
2025-10-16 09:47:38 [INFO] Get page: https://rabota.by/vacancies/specialist_po_informacionnoy_bezopasnosti?page=0&search&hhtmFrom=vacancy_search_list
2025-10-16 09:47:40 [INFO] return answer
2025-10-16 09:47:40 [INFO] Open page: https://rabota.by/vacancies/specialist_po_informacionnoy_bezopasnosti?page=1&search&hhtmFrom=vacancy_search_list
2025-10-16 09:47:43 [INFO] Get page: https://rabota.by/vacancies/specialist_po_informacionnoy_bezopasnosti?page=1&search&hhtmFrom=vacancy_search_list
2025-10-16 09:47:46 [INFO] return answer
2025-10-16 09:47:48 [INFO]  Найдено 84 вакансий.
2025-10-16 09:47:49 [DEBUG] headless mode
2025-10-16 09:47:49 [DEBUG] headless mode
2025-10-16 09:47:49 [DEBUG] headless mode
2025-10-16 09:47:49 [DEBUG] headless mode
2025-10-16 09:47:49 [DEBUG] headless mode
2025-10-16 09:47:53 [INFO] driver was started
2025-10-16 09:47:53 [INFO] driver was started
2025-10-16 09:47:53 [INFO] driver was started
2025-10-16 09:47:53 [INFO] driver was started
2025-10-16 09:47:53 [INFO] driver was started
2025-10-16 09:48:00 [DEBUG] headless mode
2025-10-16 09:48:00 [DEBUG] headless mode
2025-10-16 09:48:02 [INFO] driver was started
2025-10-16 09:48:02 [INFO] driver was started
2025-10-16 09:48:02 [DEBUG] headless mode
2025-10-16 09:48:06 [INFO] driver was started
2025-10-16 09:48:11 [DEBUG] headless mode
2025-10-16 09:48:12 [DEBUG] headless mode
2025-10-16 09:48:12 [DEBUG] headless mode
2025-10-16 09:48:13 [DEBUG] headless mode
2025-10-16 09:48:14 [INFO] driver was started
2025-10-16 09:48:15 [INFO] driver was started
2025-10-16 09:48:17 [INFO] driver was started
2025-10-16 09:48:17 [INFO] driver was started
2025-10-16 09:48:23 [DEBUG] headless mode
2025-10-16 09:48:25 [DEBUG] headless mode
2025-10-16 09:48:27 [INFO] driver was started
2025-10-16 09:48:28 [INFO] driver was started
2025-10-16 09:48:33 [DEBUG] headless mode
2025-10-16 09:48:34 [DEBUG] headless mode
2025-10-16 09:48:34 [INFO] driver was started
2025-10-16 09:48:35 [DEBUG] headless mode
2025-10-16 09:48:37 [INFO] driver was started
2025-10-16 09:48:47 [INFO] driver was started
2025-10-16 09:50:28 [DEBUG] headless mode
2025-10-16 09:50:36 [DEBUG] headless mode
2025-10-16 09:50:38 [INFO] driver was started
2025-10-16 09:50:38 [INFO] Open page: https://rabota.by/vacancies/specialist_po_informacionnoy_bezopasnosti?page=0&search&hhtmFrom=vacancy_search_list
2025-10-16 09:50:42 [INFO] Get page: https://rabota.by/vacancies/specialist_po_informacionnoy_bezopasnosti?page=0&search&hhtmFrom=vacancy_search_list
2025-10-16 09:50:45 [INFO] return answer
2025-10-16 09:51:19 [DEBUG] headless mode
2025-10-16 09:51:21 [INFO] driver was started
2025-10-16 09:51:21 [INFO] Open page: https://rabota.by/vacancies/specialist_po_informacionnoy_bezopasnosti?page=0&search&hhtmFrom=vacancy_search_list
2025-10-16 09:51:24 [INFO] Get page: https://rabota.by/vacancies/specialist_po_informacionnoy_bezopasnosti?page=0&search&hhtmFrom=vacancy_search_list
2025-10-16 09:51:27 [INFO] return answer
2025-10-16 09:51:29 [INFO]  Найдено 50 вакансий.
2025-10-16 09:51:30 [DEBUG] headless mode
2025-10-16 09:51:30 [DEBUG] headless mode
2025-10-16 09:51:30 [DEBUG] headless mode
2025-10-16 09:51:30 [DEBUG] headless mode
2025-10-16 09:51:30 [DEBUG] headless mode
2025-10-16 09:51:32 [INFO] driver was started
2025-10-16 09:51:33 [INFO] driver was started
2025-10-16 09:51:33 [INFO] driver was started
2025-10-16 09:51:33 [INFO] driver was started
2025-10-16 09:51:33 [INFO] driver was started
2025-10-16 09:51:38 [DEBUG] headless mode
2025-10-16 09:51:38 [DEBUG] headless mode
2025-10-16 09:51:38 [DEBUG] headless mode
2025-10-16 09:51:40 [INFO] driver was started
2025-10-16 09:51:40 [INFO] driver was started
2025-10-16 09:51:40 [INFO] driver was started
2025-10-16 09:51:41 [DEBUG] headless mode
2025-10-16 09:51:41 [DEBUG] headless mode
2025-10-16 09:51:42 [INFO] driver was started
2025-10-16 09:51:43 [INFO] driver was started
2025-10-16 09:51:46 [DEBUG] headless mode
2025-10-16 09:51:50 [INFO] driver was started
2025-10-16 09:51:50 [DEBUG] headless mode
2025-10-16 09:51:52 [DEBUG] headless mode
2025-10-16 09:51:52 [DEBUG] headless mode
2025-10-16 09:51:54 [INFO] driver was started
2025-10-16 09:51:55 [INFO] driver was started
2025-10-16 09:51:55 [DEBUG] headless mode
2025-10-16 09:51:57 [INFO] driver was started
2025-10-16 09:52:01 [DEBUG] headless mode
2025-10-16 09:52:03 [DEBUG] headless mode
2025-10-16 09:52:05 [INFO] driver was started
2025-10-16 09:52:12 [INFO] driver was started
2025-10-16 09:55:22 [DEBUG] headless mode
2025-10-16 09:55:23 [INFO] driver was started
2025-10-16 09:55:23 [INFO] Open page: https://rabota.by/vacancies/specialist_po_informacionnoy_bezopasnosti?page=0&search&hhtmFrom=vacancy_search_list
2025-10-16 09:55:27 [INFO] Get page: https://rabota.by/vacancies/specialist_po_informacionnoy_bezopasnosti?page=0&search&hhtmFrom=vacancy_search_list
2025-10-16 09:55:29 [INFO] return answer
2025-10-16 09:55:32 [INFO]  Найдено 50 вакансий.
2025-10-16 09:55:33 [DEBUG] headless mode
2025-10-16 09:55:33 [DEBUG] headless mode
2025-10-16 09:55:33 [DEBUG] headless mode
2025-10-16 09:55:33 [DEBUG] headless mode
2025-10-16 09:55:33 [DEBUG] headless mode
2025-10-16 09:55:35 [INFO] driver was started
2025-10-16 09:55:35 [INFO] driver was started
2025-10-16 09:55:35 [INFO] driver was started
2025-10-16 09:55:35 [INFO] driver was started
2025-10-16 09:55:35 [INFO] driver was started
2025-10-16 09:55:41 [INFO] page with name:  Специалист  по  информационной  безопасности  do, 
2025-10-16 09:55:41 [DEBUG] scr: https://rabota.by/vacancy/126464059?query=%D1%81%D0%BF%D0%B5%D1%86%D0%B8%D0%B0%D0%BB%D0%B8%D1%81%D1%82+%D0%BF%D0%BE+%D0%B8%D0%BD%D1%84%D0%BE%D1%80%D0%BC%D0%B0%D1%86%D0%B8%D0%BE%D0%BD%D0%BD%D0%BE%D0%B9+%D0%B1%D0%B5%D0%B7%D0%BE%D0%BF%D0%B0%D1%81%D0%BD%D0%BE%D1%81%D1%82%D0%B8&hhtmFrom=vacancy_search_list
2025-10-16 09:55:41 [INFO] page with name:  Специалист  по защите информации (ведущий) do, 
2025-10-16 09:55:41 [DEBUG] scr: https://rabota.by/vacancy/126397168?query=%D1%81%D0%BF%D0%B5%D1%86%D0%B8%D0%B0%D0%BB%D0%B8%D1%81%D1%82+%D0%BF%D0%BE+%D0%B8%D0%BD%D1%84%D0%BE%D1%80%D0%BC%D0%B0%D1%86%D0%B8%D0%BE%D0%BD%D0%BD%D0%BE%D0%B9+%D0%B1%D0%B5%D0%B7%D0%BE%D0%BF%D0%B0%D1%81%D0%BD%D0%BE%D1%81%D1%82%D0%B8&hhtmFrom=vacancy_search_list
2025-10-16 09:55:41 [INFO] page with name:  Специалист  по  информационной  безопасности  do, 
2025-10-16 09:55:41 [DEBUG] scr: https://rabota.by/vacancy/126525087?query=%D1%81%D0%BF%D0%B5%D1%86%D0%B8%D0%B0%D0%BB%D0%B8%D1%81%D1%82+%D0%BF%D0%BE+%D0%B8%D0%BD%D1%84%D0%BE%D1%80%D0%BC%D0%B0%D1%86%D0%B8%D0%BE%D0%BD%D0%BD%D0%BE%D0%B9+%D0%B1%D0%B5%D0%B7%D0%BE%D0%BF%D0%B0%D1%81%D0%BD%D0%BE%D1%81%D1%82%D0%B8&hhtmFrom=vacancy_search_list
2025-10-16 09:55:42 [INFO] page with name:  Специалист  по  информационной  безопасности (мониторинг) do, 
2025-10-16 09:55:42 [DEBUG] scr: https://rabota.by/vacancy/123663217?query=%D1%81%D0%BF%D0%B5%D1%86%D0%B8%D0%B0%D0%BB%D0%B8%D1%81%D1%82+%D0%BF%D0%BE+%D0%B8%D0%BD%D1%84%D0%BE%D1%80%D0%BC%D0%B0%D1%86%D0%B8%D0%BE%D0%BD%D0%BD%D0%BE%D0%B9+%D0%B1%D0%B5%D0%B7%D0%BE%D0%BF%D0%B0%D1%81%D0%BD%D0%BE%D1%81%D1%82%D0%B8&hhtmFrom=vacancy_search_list
2025-10-16 09:55:43 [INFO] page with name: Системный администратор do, 
2025-10-16 09:55:43 [DEBUG] scr: https://rabota.by/vacancy/126565877?query=%D1%81%D0%BF%D0%B5%D1%86%D0%B8%D0%B0%D0%BB%D0%B8%D1%81%D1%82+%D0%BF%D0%BE+%D0%B8%D0%BD%D1%84%D0%BE%D1%80%D0%BC%D0%B0%D1%86%D0%B8%D0%BE%D0%BD%D0%BD%D0%BE%D0%B9+%D0%B1%D0%B5%D0%B7%D0%BE%D0%BF%D0%B0%D1%81%D0%BD%D0%BE%D1%81%D1%82%D0%B8&hhtmFrom=vacancy_search_list
2025-10-16 09:55:43 [INFO] driver out
2025-10-16 09:55:43 [DEBUG] headless mode
2025-10-16 09:55:43 [INFO] driver out
2025-10-16 09:55:43 [DEBUG] headless mode
2025-10-16 09:55:43 [INFO] driver out
2025-10-16 09:55:43 [DEBUG] headless mode
2025-10-16 09:55:44 [INFO] driver was started
2025-10-16 09:55:44 [INFO] driver out
2025-10-16 09:55:44 [DEBUG] headless mode
2025-10-16 09:55:45 [INFO] driver was started
2025-10-16 09:55:45 [INFO] driver out
2025-10-16 09:55:45 [DEBUG] headless mode
2025-10-16 09:55:45 [INFO] driver was started
2025-10-16 09:55:47 [INFO] driver was started
2025-10-16 09:55:49 [INFO] driver was started
2025-10-16 09:55:51 [INFO] page with name: Инженер по системному администрированию do, 
2025-10-16 09:55:51 [DEBUG] scr: https://rabota.by/vacancy/125851868?query=%D1%81%D0%BF%D0%B5%D1%86%D0%B8%D0%B0%D0%BB%D0%B8%D1%81%D1%82+%D0%BF%D0%BE+%D0%B8%D0%BD%D1%84%D0%BE%D1%80%D0%BC%D0%B0%D1%86%D0%B8%D0%BE%D0%BD%D0%BD%D0%BE%D0%B9+%D0%B1%D0%B5%D0%B7%D0%BE%D0%BF%D0%B0%D1%81%D0%BD%D0%BE%D1%81%D1%82%D0%B8&hhtmFrom=vacancy_search_list
2025-10-16 09:55:51 [INFO] page with name: Системный администратор Windows 2nd Tier do, 
2025-10-16 09:55:51 [DEBUG] scr: https://rabota.by/vacancy/126334234?query=%D1%81%D0%BF%D0%B5%D1%86%D0%B8%D0%B0%D0%BB%D0%B8%D1%81%D1%82+%D0%BF%D0%BE+%D0%B8%D0%BD%D1%84%D0%BE%D1%80%D0%BC%D0%B0%D1%86%D0%B8%D0%BE%D0%BD%D0%BD%D0%BE%D0%B9+%D0%B1%D0%B5%D0%B7%D0%BE%D0%BF%D0%B0%D1%81%D0%BD%D0%BE%D1%81%D1%82%D0%B8&hhtmFrom=vacancy_search_list
2025-10-16 09:55:53 [INFO] page with name:  Специалист кибербезопасности do, 
2025-10-16 09:55:53 [DEBUG] scr: https://rabota.by/vacancy/125649549?query=%D1%81%D0%BF%D0%B5%D1%86%D0%B8%D0%B0%D0%BB%D0%B8%D1%81%D1%82+%D0%BF%D0%BE+%D0%B8%D0%BD%D1%84%D0%BE%D1%80%D0%BC%D0%B0%D1%86%D0%B8%D0%BE%D0%BD%D0%BD%D0%BE%D0%B9+%D0%B1%D0%B5%D0%B7%D0%BE%D0%BF%D0%B0%D1%81%D0%BD%D0%BE%D1%81%D1%82%D0%B8&hhtmFrom=vacancy_search_list
2025-10-16 09:55:54 [INFO] driver out
2025-10-16 09:55:54 [DEBUG] headless mode
2025-10-16 09:55:54 [INFO] driver out
2025-10-16 09:55:54 [DEBUG] headless mode
2025-10-16 09:55:55 [INFO] driver was started
2025-10-16 09:55:55 [INFO] page with name: System Administrator do, 
2025-10-16 09:55:55 [DEBUG] scr: https://rabota.by/vacancy/126509748?query=%D1%81%D0%BF%D0%B5%D1%86%D0%B8%D0%B0%D0%BB%D0%B8%D1%81%D1%82+%D0%BF%D0%BE+%D0%B8%D0%BD%D1%84%D0%BE%D1%80%D0%BC%D0%B0%D1%86%D0%B8%D0%BE%D0%BD%D0%BD%D0%BE%D0%B9+%D0%B1%D0%B5%D0%B7%D0%BE%D0%BF%D0%B0%D1%81%D0%BD%D0%BE%D1%81%D1%82%D0%B8&hhtmFrom=vacancy_search_list
2025-10-16 09:55:55 [INFO] driver was started
2025-10-16 09:55:55 [INFO] page with name: Пентестер/ специалист  по анализу защищенности do, 
2025-10-16 09:55:55 [DEBUG] scr: https://rabota.by/vacancy/125940977?query=%D1%81%D0%BF%D0%B5%D1%86%D0%B8%D0%B0%D0%BB%D0%B8%D1%81%D1%82+%D0%BF%D0%BE+%D0%B8%D0%BD%D1%84%D0%BE%D1%80%D0%BC%D0%B0%D1%86%D0%B8%D0%BE%D0%BD%D0%BD%D0%BE%D0%B9+%D0%B1%D0%B5%D0%B7%D0%BE%D0%BF%D0%B0%D1%81%D0%BD%D0%BE%D1%81%D1%82%D0%B8&hhtmFrom=vacancy_search_list
2025-10-16 09:55:55 [INFO] driver out
2025-10-16 09:55:55 [DEBUG] headless mode
2025-10-16 09:55:57 [INFO] driver out
2025-10-16 09:55:57 [DEBUG] headless mode
2025-10-16 09:55:57 [INFO] driver out
2025-10-16 09:55:57 [DEBUG] headless mode
2025-10-16 09:55:58 [INFO] driver was started
2025-10-16 09:55:59 [INFO] driver was started
2025-10-16 09:55:59 [INFO] driver was started
2025-10-16 09:56:02 [INFO] page with name: IT Support Specialist / System Administrator do, 
2025-10-16 09:56:02 [DEBUG] scr: https://rabota.by/vacancy/126200296?query=%D1%81%D0%BF%D0%B5%D1%86%D0%B8%D0%B0%D0%BB%D0%B8%D1%81%D1%82+%D0%BF%D0%BE+%D0%B8%D0%BD%D1%84%D0%BE%D1%80%D0%BC%D0%B0%D1%86%D0%B8%D0%BE%D0%BD%D0%BD%D0%BE%D0%B9+%D0%B1%D0%B5%D0%B7%D0%BE%D0%BF%D0%B0%D1%81%D0%BD%D0%BE%D1%81%D1%82%D0%B8&hhtmFrom=vacancy_search_list
2025-10-16 09:56:04 [INFO] page with name: Бизнес-аналитик (Business Analyst) do, 
2025-10-16 09:56:04 [DEBUG] scr: https://rabota.by/vacancy/125963876?query=%D1%81%D0%BF%D0%B5%D1%86%D0%B8%D0%B0%D0%BB%D0%B8%D1%81%D1%82+%D0%BF%D0%BE+%D0%B8%D0%BD%D1%84%D0%BE%D1%80%D0%BC%D0%B0%D1%86%D0%B8%D0%BE%D0%BD%D0%BD%D0%BE%D0%B9+%D0%B1%D0%B5%D0%B7%D0%BE%D0%BF%D0%B0%D1%81%D0%BD%D0%BE%D1%81%D1%82%D0%B8&hhtmFrom=vacancy_search_list
2025-10-16 09:56:04 [INFO] page with name: Системный администратор do, 
2025-10-16 09:56:04 [DEBUG] scr: https://rabota.by/vacancy/126319276?query=%D1%81%D0%BF%D0%B5%D1%86%D0%B8%D0%B0%D0%BB%D0%B8%D1%81%D1%82+%D0%BF%D0%BE+%D0%B8%D0%BD%D1%84%D0%BE%D1%80%D0%BC%D0%B0%D1%86%D0%B8%D0%BE%D0%BD%D0%BD%D0%BE%D0%B9+%D0%B1%D0%B5%D0%B7%D0%BE%D0%BF%D0%B0%D1%81%D0%BD%D0%BE%D1%81%D1%82%D0%B8&hhtmFrom=vacancy_search_list
2025-10-16 09:56:04 [INFO] driver out
2025-10-16 09:56:04 [DEBUG] headless mode
2025-10-16 09:56:05 [INFO] page with name: Инженер по  информационной  безопасности  do, 
2025-10-16 09:56:05 [DEBUG] scr: https://rabota.by/vacancy/125389856?query=%D1%81%D0%BF%D0%B5%D1%86%D0%B8%D0%B0%D0%BB%D0%B8%D1%81%D1%82+%D0%BF%D0%BE+%D0%B8%D0%BD%D1%84%D0%BE%D1%80%D0%BC%D0%B0%D1%86%D0%B8%D0%BE%D0%BD%D0%BD%D0%BE%D0%B9+%D0%B1%D0%B5%D0%B7%D0%BE%D0%BF%D0%B0%D1%81%D0%BD%D0%BE%D1%81%D1%82%D0%B8&hhtmFrom=vacancy_search_list
2025-10-16 09:56:06 [INFO] driver out
2025-10-16 09:56:06 [DEBUG] headless mode
2025-10-16 09:56:06 [INFO] driver was started
2025-10-16 09:56:06 [INFO] driver out
2025-10-16 09:56:06 [DEBUG] headless mode
2025-10-16 09:56:07 [INFO] driver was started
2025-10-16 09:56:07 [INFO] driver was started
2025-10-16 09:56:08 [INFO] driver out
2025-10-16 09:56:08 [DEBUG] headless mode
2025-10-16 09:56:10 [INFO] driver was started
2025-10-16 09:56:14 [INFO] page with name:  Специалист  по внутреннему контролю за обработкой персональных данных/DPO do, 
2025-10-16 09:56:14 [DEBUG] scr: https://rabota.by/vacancy/126370327?query=%D1%81%D0%BF%D0%B5%D1%86%D0%B8%D0%B0%D0%BB%D0%B8%D1%81%D1%82+%D0%BF%D0%BE+%D0%B8%D0%BD%D1%84%D0%BE%D1%80%D0%BC%D0%B0%D1%86%D0%B8%D0%BE%D0%BD%D0%BD%D0%BE%D0%B9+%D0%B1%D0%B5%D0%B7%D0%BE%D0%BF%D0%B0%D1%81%D0%BD%D0%BE%D1%81%D1%82%D0%B8&hhtmFrom=vacancy_search_list
2025-10-16 09:56:14 [INFO] page with name:  Специалист  по сопровождению ПО  do, 
2025-10-16 09:56:14 [DEBUG] scr: https://rabota.by/vacancy/124241220?query=%D1%81%D0%BF%D0%B5%D1%86%D0%B8%D0%B0%D0%BB%D0%B8%D1%81%D1%82+%D0%BF%D0%BE+%D0%B8%D0%BD%D1%84%D0%BE%D1%80%D0%BC%D0%B0%D1%86%D0%B8%D0%BE%D0%BD%D0%BD%D0%BE%D0%B9+%D0%B1%D0%B5%D0%B7%D0%BE%D0%BF%D0%B0%D1%81%D0%BD%D0%BE%D1%81%D1%82%D0%B8&hhtmFrom=vacancy_search_list
2025-10-16 09:56:15 [INFO] page with name:  Специалист  по  информационной  безопасности  do, 
2025-10-16 09:56:15 [DEBUG] scr: https://rabota.by/vacancy/126344010?query=%D1%81%D0%BF%D0%B5%D1%86%D0%B8%D0%B0%D0%BB%D0%B8%D1%81%D1%82+%D0%BF%D0%BE+%D0%B8%D0%BD%D1%84%D0%BE%D1%80%D0%BC%D0%B0%D1%86%D0%B8%D0%BE%D0%BD%D0%BD%D0%BE%D0%B9+%D0%B1%D0%B5%D0%B7%D0%BE%D0%BF%D0%B0%D1%81%D0%BD%D0%BE%D1%81%D1%82%D0%B8&hhtmFrom=vacancy_search_list
2025-10-16 09:56:18 [INFO] driver out
2025-10-16 09:56:18 [DEBUG] headless mode
2025-10-16 09:56:19 [INFO] driver out
2025-10-16 09:56:19 [DEBUG] headless mode
2025-10-16 09:56:19 [INFO] page with name:  Специалист  по  информационной  безопасности  do, 
2025-10-16 09:56:19 [DEBUG] scr: https://rabota.by/vacancy/125391021?query=%D1%81%D0%BF%D0%B5%D1%86%D0%B8%D0%B0%D0%BB%D0%B8%D1%81%D1%82+%D0%BF%D0%BE+%D0%B8%D0%BD%D1%84%D0%BE%D1%80%D0%BC%D0%B0%D1%86%D0%B8%D0%BE%D0%BD%D0%BD%D0%BE%D0%B9+%D0%B1%D0%B5%D0%B7%D0%BE%D0%BF%D0%B0%D1%81%D0%BD%D0%BE%D1%81%D1%82%D0%B8&hhtmFrom=vacancy_search_list
2025-10-16 09:56:20 [INFO] driver out
2025-10-16 09:56:20 [DEBUG] headless mode
2025-10-16 09:56:20 [INFO] driver was started
2025-10-16 09:56:21 [INFO] driver was started
2025-10-16 09:56:23 [INFO] driver out
2025-10-16 09:56:23 [DEBUG] headless mode
2025-10-16 09:56:23 [INFO] driver was started
2025-10-16 09:56:25 [INFO] driver was started
2025-10-16 09:56:26 [INFO] page with name: Ведущий специалист  по защите информации do, 
2025-10-16 09:56:26 [DEBUG] scr: https://rabota.by/vacancy/126502447?query=%D1%81%D0%BF%D0%B5%D1%86%D0%B8%D0%B0%D0%BB%D0%B8%D1%81%D1%82+%D0%BF%D0%BE+%D0%B8%D0%BD%D1%84%D0%BE%D1%80%D0%BC%D0%B0%D1%86%D0%B8%D0%BE%D0%BD%D0%BD%D0%BE%D0%B9+%D0%B1%D0%B5%D0%B7%D0%BE%D0%BF%D0%B0%D1%81%D0%BD%D0%BE%D1%81%D1%82%D0%B8&hhtmFrom=vacancy_search_list
2025-10-16 09:56:27 [INFO] page with name:  Специалист SOC Центра кибербезопасности do, 
2025-10-16 09:56:27 [DEBUG] scr: https://rabota.by/vacancy/125525411?query=%D1%81%D0%BF%D0%B5%D1%86%D0%B8%D0%B0%D0%BB%D0%B8%D1%81%D1%82+%D0%BF%D0%BE+%D0%B8%D0%BD%D1%84%D0%BE%D1%80%D0%BC%D0%B0%D1%86%D0%B8%D0%BE%D0%BD%D0%BD%D0%BE%D0%B9+%D0%B1%D0%B5%D0%B7%D0%BE%D0%BF%D0%B0%D1%81%D0%BD%D0%BE%D1%81%D1%82%D0%B8&hhtmFrom=vacancy_search_list
2025-10-16 09:56:28 [INFO] page with name:  Специалист  по  информационной  безопасности  do, 
2025-10-16 09:56:28 [DEBUG] scr: https://rabota.by/vacancy/126478261?query=%D1%81%D0%BF%D0%B5%D1%86%D0%B8%D0%B0%D0%BB%D0%B8%D1%81%D1%82+%D0%BF%D0%BE+%D0%B8%D0%BD%D1%84%D0%BE%D1%80%D0%BC%D0%B0%D1%86%D0%B8%D0%BE%D0%BD%D0%BD%D0%BE%D0%B9+%D0%B1%D0%B5%D0%B7%D0%BE%D0%BF%D0%B0%D1%81%D0%BD%D0%BE%D1%81%D1%82%D0%B8&hhtmFrom=vacancy_search_list
2025-10-16 09:56:28 [INFO] driver out
2025-10-16 09:56:28 [DEBUG] headless mode
2025-10-16 09:56:29 [INFO] driver was started
2025-10-16 09:56:29 [INFO] driver out
2025-10-16 09:56:29 [DEBUG] headless mode
2025-10-16 09:56:30 [INFO] driver out
2025-10-16 09:56:30 [DEBUG] headless mode
2025-10-16 09:56:30 [INFO] page with name:  Специалист  по  информационной  безопасности | защите информации do, 
2025-10-16 09:56:30 [DEBUG] scr: https://rabota.by/vacancy/125968501?query=%D1%81%D0%BF%D0%B5%D1%86%D0%B8%D0%B0%D0%BB%D0%B8%D1%81%D1%82+%D0%BF%D0%BE+%D0%B8%D0%BD%D1%84%D0%BE%D1%80%D0%BC%D0%B0%D1%86%D0%B8%D0%BE%D0%BD%D0%BD%D0%BE%D0%B9+%D0%B1%D0%B5%D0%B7%D0%BE%D0%BF%D0%B0%D1%81%D0%BD%D0%BE%D1%81%D1%82%D0%B8&hhtmFrom=vacancy_search_list
2025-10-16 09:56:32 [INFO] driver was started
2025-10-16 09:56:33 [INFO] driver was started
2025-10-16 09:56:33 [INFO] driver out
2025-10-16 09:56:33 [DEBUG] headless mode
2025-10-16 09:56:34 [INFO] driver was started
2025-10-16 09:56:38 [INFO] page with name:  Специалист  по  информационной  безопасности  do, 
2025-10-16 09:56:38 [DEBUG] scr: https://rabota.by/vacancy/126593053?query=%D1%81%D0%BF%D0%B5%D1%86%D0%B8%D0%B0%D0%BB%D0%B8%D1%81%D1%82+%D0%BF%D0%BE+%D0%B8%D0%BD%D1%84%D0%BE%D1%80%D0%BC%D0%B0%D1%86%D0%B8%D0%BE%D0%BD%D0%BD%D0%BE%D0%B9+%D0%B1%D0%B5%D0%B7%D0%BE%D0%BF%D0%B0%D1%81%D0%BD%D0%BE%D1%81%D1%82%D0%B8&hhtmFrom=vacancy_search_list
2025-10-16 09:56:38 [INFO] page with name:  Специалист мониторинга и анализа событий информационной  безопасности  do, 
2025-10-16 09:56:38 [DEBUG] scr: https://rabota.by/vacancy/124241327?query=%D1%81%D0%BF%D0%B5%D1%86%D0%B8%D0%B0%D0%BB%D0%B8%D1%81%D1%82+%D0%BF%D0%BE+%D0%B8%D0%BD%D1%84%D0%BE%D1%80%D0%BC%D0%B0%D1%86%D0%B8%D0%BE%D0%BD%D0%BD%D0%BE%D0%B9+%D0%B1%D0%B5%D0%B7%D0%BE%D0%BF%D0%B0%D1%81%D0%BD%D0%BE%D1%81%D1%82%D0%B8&hhtmFrom=vacancy_search_list
2025-10-16 09:56:40 [INFO] page with name: Администратор системный do, 
2025-10-16 09:56:40 [DEBUG] scr: https://rabota.by/vacancy/125533919?query=%D1%81%D0%BF%D0%B5%D1%86%D0%B8%D0%B0%D0%BB%D0%B8%D1%81%D1%82+%D0%BF%D0%BE+%D0%B8%D0%BD%D1%84%D0%BE%D1%80%D0%BC%D0%B0%D1%86%D0%B8%D0%BE%D0%BD%D0%BD%D0%BE%D0%B9+%D0%B1%D0%B5%D0%B7%D0%BE%D0%BF%D0%B0%D1%81%D0%BD%D0%BE%D1%81%D1%82%D0%B8&hhtmFrom=vacancy_search_list
2025-10-16 09:56:41 [INFO] page with name:  Специалист  по  информационной  безопасности  do, 
2025-10-16 09:56:41 [DEBUG] scr: https://rabota.by/vacancy/125423935?query=%D1%81%D0%BF%D0%B5%D1%86%D0%B8%D0%B0%D0%BB%D0%B8%D1%81%D1%82+%D0%BF%D0%BE+%D0%B8%D0%BD%D1%84%D0%BE%D1%80%D0%BC%D0%B0%D1%86%D0%B8%D0%BE%D0%BD%D0%BD%D0%BE%D0%B9+%D0%B1%D0%B5%D0%B7%D0%BE%D0%BF%D0%B0%D1%81%D0%BD%D0%BE%D1%81%D1%82%D0%B8&hhtmFrom=vacancy_search_list
2025-10-16 09:56:41 [INFO] driver out
2025-10-16 09:56:41 [DEBUG] headless mode
2025-10-16 09:56:42 [INFO] driver out
2025-10-16 09:56:42 [DEBUG] headless mode
2025-10-16 09:56:42 [INFO] driver out
2025-10-16 09:56:42 [DEBUG] headless mode
2025-10-16 09:56:43 [INFO] driver was started
2025-10-16 09:56:44 [INFO] driver was started
2025-10-16 09:56:44 [INFO] driver was started
2025-10-16 09:56:44 [INFO] driver out
2025-10-16 09:56:44 [DEBUG] headless mode
2025-10-16 09:56:46 [INFO] driver was started
2025-10-16 09:56:48 [INFO] page with name: Главный специалист отдела автоматизированной обработки и анализа информации do, 
2025-10-16 09:56:48 [DEBUG] scr: https://rabota.by/vacancy/126317566?query=%D1%81%D0%BF%D0%B5%D1%86%D0%B8%D0%B0%D0%BB%D0%B8%D1%81%D1%82+%D0%BF%D0%BE+%D0%B8%D0%BD%D1%84%D0%BE%D1%80%D0%BC%D0%B0%D1%86%D0%B8%D0%BE%D0%BD%D0%BD%D0%BE%D0%B9+%D0%B1%D0%B5%D0%B7%D0%BE%D0%BF%D0%B0%D1%81%D0%BD%D0%BE%D1%81%D1%82%D0%B8&hhtmFrom=vacancy_search_list
2025-10-16 09:56:50 [INFO] driver out
2025-10-16 09:56:50 [DEBUG] headless mode
2025-10-16 09:56:51 [INFO] driver was started
2025-10-16 09:56:52 [INFO] page with name: Ведущий специалист  по защите информации (документальное обеспечение ИБ) do, 
2025-10-16 09:56:52 [DEBUG] scr: https://rabota.by/vacancy/120347266?query=%D1%81%D0%BF%D0%B5%D1%86%D0%B8%D0%B0%D0%BB%D0%B8%D1%81%D1%82+%D0%BF%D0%BE+%D0%B8%D0%BD%D1%84%D0%BE%D1%80%D0%BC%D0%B0%D1%86%D0%B8%D0%BE%D0%BD%D0%BD%D0%BE%D0%B9+%D0%B1%D0%B5%D0%B7%D0%BE%D0%BF%D0%B0%D1%81%D0%BD%D0%BE%D1%81%D1%82%D0%B8&hhtmFrom=vacancy_search_list
2025-10-16 09:56:54 [INFO] page with name: Системный администратор do, 
2025-10-16 09:56:54 [DEBUG] scr: https://rabota.by/vacancy/125770696?query=%D1%81%D0%BF%D0%B5%D1%86%D0%B8%D0%B0%D0%BB%D0%B8%D1%81%D1%82+%D0%BF%D0%BE+%D0%B8%D0%BD%D1%84%D0%BE%D1%80%D0%BC%D0%B0%D1%86%D0%B8%D0%BE%D0%BD%D0%BD%D0%BE%D0%B9+%D0%B1%D0%B5%D0%B7%D0%BE%D0%BF%D0%B0%D1%81%D0%BD%D0%BE%D1%81%D1%82%D0%B8&hhtmFrom=vacancy_search_list
2025-10-16 09:56:54 [INFO] driver out
2025-10-16 09:56:54 [DEBUG] headless mode
2025-10-16 09:56:56 [INFO] driver was started
2025-10-16 09:56:57 [INFO] driver out
2025-10-16 09:56:57 [DEBUG] headless mode
2025-10-16 09:56:59 [INFO] driver was started
2025-10-16 09:56:59 [INFO] page with name: Сетевой администратор do, 
2025-10-16 09:56:59 [DEBUG] scr: https://rabota.by/vacancy/126194181?query=%D1%81%D0%BF%D0%B5%D1%86%D0%B8%D0%B0%D0%BB%D0%B8%D1%81%D1%82+%D0%BF%D0%BE+%D0%B8%D0%BD%D1%84%D0%BE%D1%80%D0%BC%D0%B0%D1%86%D0%B8%D0%BE%D0%BD%D0%BD%D0%BE%D0%B9+%D0%B1%D0%B5%D0%B7%D0%BE%D0%BF%D0%B0%D1%81%D0%BD%D0%BE%D1%81%D1%82%D0%B8&hhtmFrom=vacancy_search_list
2025-10-16 09:57:00 [INFO] page with name: Менеджер по закупкам сетевого оборудования do, 
2025-10-16 09:57:00 [DEBUG] scr: https://rabota.by/vacancy/126373622?query=%D1%81%D0%BF%D0%B5%D1%86%D0%B8%D0%B0%D0%BB%D0%B8%D1%81%D1%82+%D0%BF%D0%BE+%D0%B8%D0%BD%D1%84%D0%BE%D1%80%D0%BC%D0%B0%D1%86%D0%B8%D0%BE%D0%BD%D0%BD%D0%BE%D0%B9+%D0%B1%D0%B5%D0%B7%D0%BE%D0%BF%D0%B0%D1%81%D0%BD%D0%BE%D1%81%D1%82%D0%B8&hhtmFrom=vacancy_search_list
2025-10-16 09:57:02 [INFO] page with name: DPO/ специалист  по внутреннему контролю за обработкой персональных данных do, 
2025-10-16 09:57:02 [DEBUG] scr: https://rabota.by/vacancy/126312693?query=%D1%81%D0%BF%D0%B5%D1%86%D0%B8%D0%B0%D0%BB%D0%B8%D1%81%D1%82+%D0%BF%D0%BE+%D0%B8%D0%BD%D1%84%D0%BE%D1%80%D0%BC%D0%B0%D1%86%D0%B8%D0%BE%D0%BD%D0%BD%D0%BE%D0%B9+%D0%B1%D0%B5%D0%B7%D0%BE%D0%BF%D0%B0%D1%81%D0%BD%D0%BE%D1%81%D1%82%D0%B8&hhtmFrom=vacancy_search_list
2025-10-16 09:57:02 [INFO] driver out
2025-10-16 09:57:02 [DEBUG] headless mode
2025-10-16 09:57:03 [INFO] driver was started
2025-10-16 09:57:04 [INFO] driver out
2025-10-16 09:57:04 [DEBUG] headless mode
2025-10-16 09:57:04 [INFO] driver out
2025-10-16 09:57:04 [DEBUG] headless mode
2025-10-16 09:57:05 [INFO] page with name:  Специалист (пентестер) do, 
2025-10-16 09:57:05 [DEBUG] scr: https://rabota.by/vacancy/124595917?query=%D1%81%D0%BF%D0%B5%D1%86%D0%B8%D0%B0%D0%BB%D0%B8%D1%81%D1%82+%D0%BF%D0%BE+%D0%B8%D0%BD%D1%84%D0%BE%D1%80%D0%BC%D0%B0%D1%86%D0%B8%D0%BE%D0%BD%D0%BD%D0%BE%D0%B9+%D0%B1%D0%B5%D0%B7%D0%BE%D0%BF%D0%B0%D1%81%D0%BD%D0%BE%D1%81%D1%82%D0%B8&hhtmFrom=vacancy_search_list
2025-10-16 09:57:07 [INFO] driver was started
2025-10-16 09:57:07 [INFO] driver was started
2025-10-16 09:57:08 [INFO] driver out
2025-10-16 09:57:08 [DEBUG] headless mode
2025-10-16 09:57:10 [INFO] driver was started
2025-10-16 09:57:10 [INFO] page with name:  Специалист  по  информационной  безопасности  do, 
2025-10-16 09:57:10 [DEBUG] scr: https://rabota.by/vacancy/126419342?query=%D1%81%D0%BF%D0%B5%D1%86%D0%B8%D0%B0%D0%BB%D0%B8%D1%81%D1%82+%D0%BF%D0%BE+%D0%B8%D0%BD%D1%84%D0%BE%D1%80%D0%BC%D0%B0%D1%86%D0%B8%D0%BE%D0%BD%D0%BD%D0%BE%D0%B9+%D0%B1%D0%B5%D0%B7%D0%BE%D0%BF%D0%B0%D1%81%D0%BD%D0%BE%D1%81%D1%82%D0%B8&hhtmFrom=vacancy_search_list
2025-10-16 09:57:13 [INFO] driver out
2025-10-16 09:57:13 [DEBUG] headless mode
2025-10-16 09:57:14 [INFO] page with name:  Специалист  по  информационной  безопасности  do, 
2025-10-16 09:57:14 [DEBUG] scr: https://rabota.by/vacancy/125616968?query=%D1%81%D0%BF%D0%B5%D1%86%D0%B8%D0%B0%D0%BB%D0%B8%D1%81%D1%82+%D0%BF%D0%BE+%D0%B8%D0%BD%D1%84%D0%BE%D1%80%D0%BC%D0%B0%D1%86%D0%B8%D0%BE%D0%BD%D0%BD%D0%BE%D0%B9+%D0%B1%D0%B5%D0%B7%D0%BE%D0%BF%D0%B0%D1%81%D0%BD%D0%BE%D1%81%D1%82%D0%B8&hhtmFrom=vacancy_search_list
2025-10-16 09:57:15 [INFO] driver was started
2025-10-16 09:57:15 [INFO] page with name: Senior C# developer(Team Lead) do, 
2025-10-16 09:57:15 [DEBUG] scr: https://hh.ru/vacancy/126178073?query=%D1%81%D0%BF%D0%B5%D1%86%D0%B8%D0%B0%D0%BB%D0%B8%D1%81%D1%82+%D0%BF%D0%BE+%D0%B8%D0%BD%D1%84%D0%BE%D1%80%D0%BC%D0%B0%D1%86%D0%B8%D0%BE%D0%BD%D0%BD%D0%BE%D0%B9+%D0%B1%D0%B5%D0%B7%D0%BE%D0%BF%D0%B0%D1%81%D0%BD%D0%BE%D1%81%D1%82%D0%B8
2025-10-16 09:57:16 [INFO] driver out
2025-10-16 09:57:16 [DEBUG] headless mode
2025-10-16 09:57:17 [INFO] page with name: Ведущий специалист  по  информационной  безопасности  do, 
2025-10-16 09:57:17 [DEBUG] scr: https://rabota.by/vacancy/126003036?query=%D1%81%D0%BF%D0%B5%D1%86%D0%B8%D0%B0%D0%BB%D0%B8%D1%81%D1%82+%D0%BF%D0%BE+%D0%B8%D0%BD%D1%84%D0%BE%D1%80%D0%BC%D0%B0%D1%86%D0%B8%D0%BE%D0%BD%D0%BD%D0%BE%D0%B9+%D0%B1%D0%B5%D0%B7%D0%BE%D0%BF%D0%B0%D1%81%D0%BD%D0%BE%D1%81%D1%82%D0%B8&hhtmFrom=vacancy_search_list
2025-10-16 09:57:17 [INFO] driver was started
2025-10-16 09:57:18 [INFO] driver out
2025-10-16 09:57:18 [DEBUG] headless mode
2025-10-16 09:57:19 [INFO] driver was started
2025-10-16 09:57:20 [INFO] driver out
2025-10-16 09:57:20 [DEBUG] headless mode
2025-10-16 09:57:21 [INFO] driver was started
2025-10-16 09:57:22 [INFO] page with name:  Специалист  по  информационной  безопасности (форензика, компьютерная криминалистика) do, 
2025-10-16 09:57:22 [DEBUG] scr: https://rabota.by/vacancy/125494735?query=%D1%81%D0%BF%D0%B5%D1%86%D0%B8%D0%B0%D0%BB%D0%B8%D1%81%D1%82+%D0%BF%D0%BE+%D0%B8%D0%BD%D1%84%D0%BE%D1%80%D0%BC%D0%B0%D1%86%D0%B8%D0%BE%D0%BD%D0%BD%D0%BE%D0%B9+%D0%B1%D0%B5%D0%B7%D0%BE%D0%BF%D0%B0%D1%81%D0%BD%D0%BE%D1%81%D1%82%D0%B8&hhtmFrom=vacancy_search_list
2025-10-16 09:57:24 [INFO] driver out
2025-10-16 09:57:24 [DEBUG] headless mode
2025-10-16 09:57:26 [INFO] driver was started
2025-10-16 09:57:26 [INFO] page with name: Менеджер по маркетингу do, 
2025-10-16 09:57:26 [DEBUG] scr: https://hh.ru/vacancy/121737314?query=%D1%81%D0%BF%D0%B5%D1%86%D0%B8%D0%B0%D0%BB%D0%B8%D1%81%D1%82+%D0%BF%D0%BE+%D0%B8%D0%BD%D1%84%D0%BE%D1%80%D0%BC%D0%B0%D1%86%D0%B8%D0%BE%D0%BD%D0%BD%D0%BE%D0%B9+%D0%B1%D0%B5%D0%B7%D0%BE%D0%BF%D0%B0%D1%81%D0%BD%D0%BE%D1%81%D1%82%D0%B8
2025-10-16 09:57:27 [INFO] page with name:  Information  Security Analyst do, 
2025-10-16 09:57:27 [DEBUG] scr: https://rabota.by/vacancy/125413403?query=%D1%81%D0%BF%D0%B5%D1%86%D0%B8%D0%B0%D0%BB%D0%B8%D1%81%D1%82+%D0%BF%D0%BE+%D0%B8%D0%BD%D1%84%D0%BE%D1%80%D0%BC%D0%B0%D1%86%D0%B8%D0%BE%D0%BD%D0%BD%D0%BE%D0%B9+%D0%B1%D0%B5%D0%B7%D0%BE%D0%BF%D0%B0%D1%81%D0%BD%D0%BE%D1%81%D1%82%D0%B8&hhtmFrom=vacancy_search_list
2025-10-16 09:57:27 [INFO] page with name: Ведущий специалист  по защите информации do, 
2025-10-16 09:57:27 [DEBUG] scr: https://rabota.by/vacancy/124233754?query=%D1%81%D0%BF%D0%B5%D1%86%D0%B8%D0%B0%D0%BB%D0%B8%D1%81%D1%82+%D0%BF%D0%BE+%D0%B8%D0%BD%D1%84%D0%BE%D1%80%D0%BC%D0%B0%D1%86%D0%B8%D0%BE%D0%BD%D0%BD%D0%BE%D0%B9+%D0%B1%D0%B5%D0%B7%D0%BE%D0%BF%D0%B0%D1%81%D0%BD%D0%BE%D1%81%D1%82%D0%B8&hhtmFrom=vacancy_search_list
2025-10-16 09:57:28 [INFO] driver out
2025-10-16 09:57:28 [DEBUG] headless mode
2025-10-16 09:57:29 [INFO] driver out
2025-10-16 09:57:29 [DEBUG] headless mode
2025-10-16 09:57:30 [INFO] driver out
2025-10-16 09:57:30 [DEBUG] headless mode
2025-10-16 09:57:33 [INFO] driver was started
2025-10-16 09:57:33 [INFO] driver was started
2025-10-16 09:57:33 [INFO] driver was started
2025-10-16 09:57:38 [INFO] page with name: Security Specialist  do, 
2025-10-16 09:57:38 [DEBUG] scr: https://rabota.by/vacancy/126266241?query=%D1%81%D0%BF%D0%B5%D1%86%D0%B8%D0%B0%D0%BB%D0%B8%D1%81%D1%82+%D0%BF%D0%BE+%D0%B8%D0%BD%D1%84%D0%BE%D1%80%D0%BC%D0%B0%D1%86%D0%B8%D0%BE%D0%BD%D0%BD%D0%BE%D0%B9+%D0%B1%D0%B5%D0%B7%D0%BE%D0%BF%D0%B0%D1%81%D0%BD%D0%BE%D1%81%D1%82%D0%B8&hhtmFrom=vacancy_search_list
2025-10-16 09:57:39 [INFO] page with name:  Специалист  по  информационной  безопасности в отдел мониторинга и реагирования do, 
2025-10-16 09:57:39 [DEBUG] scr: https://rabota.by/vacancy/125762344?query=%D1%81%D0%BF%D0%B5%D1%86%D0%B8%D0%B0%D0%BB%D0%B8%D1%81%D1%82+%D0%BF%D0%BE+%D0%B8%D0%BD%D1%84%D0%BE%D1%80%D0%BC%D0%B0%D1%86%D0%B8%D0%BE%D0%BD%D0%BD%D0%BE%D0%B9+%D0%B1%D0%B5%D0%B7%D0%BE%D0%BF%D0%B0%D1%81%D0%BD%D0%BE%D1%81%D1%82%D0%B8&hhtmFrom=vacancy_search_list
2025-10-16 09:57:39 [INFO] page with name:  Специалист  по защите информации (L1/L2 Analyst) do, 
2025-10-16 09:57:39 [DEBUG] scr: https://rabota.by/vacancy/126417929?query=%D1%81%D0%BF%D0%B5%D1%86%D0%B8%D0%B0%D0%BB%D0%B8%D1%81%D1%82+%D0%BF%D0%BE+%D0%B8%D0%BD%D1%84%D0%BE%D1%80%D0%BC%D0%B0%D1%86%D0%B8%D0%BE%D0%BD%D0%BD%D0%BE%D0%B9+%D0%B1%D0%B5%D0%B7%D0%BE%D0%BF%D0%B0%D1%81%D0%BD%D0%BE%D1%81%D1%82%D0%B8&hhtmFrom=vacancy_search_list
2025-10-16 09:57:40 [INFO] page with name: Инженер по  информационной  безопасности  do, 
2025-10-16 09:57:40 [DEBUG] scr: https://rabota.by/vacancy/126187571?query=%D1%81%D0%BF%D0%B5%D1%86%D0%B8%D0%B0%D0%BB%D0%B8%D1%81%D1%82+%D0%BF%D0%BE+%D0%B8%D0%BD%D1%84%D0%BE%D1%80%D0%BC%D0%B0%D1%86%D0%B8%D0%BE%D0%BD%D0%BD%D0%BE%D0%B9+%D0%B1%D0%B5%D0%B7%D0%BE%D0%BF%D0%B0%D1%81%D0%BD%D0%BE%D1%81%D1%82%D0%B8&hhtmFrom=vacancy_search_list
2025-10-16 09:57:40 [INFO] driver out
2025-10-16 09:57:40 [DEBUG] headless mode
2025-10-16 09:57:41 [INFO] driver out
2025-10-16 09:57:41 [DEBUG] headless mode
2025-10-16 09:57:41 [INFO] driver out
2025-10-16 09:57:41 [DEBUG] headless mode
2025-10-16 09:57:42 [INFO] driver was started
2025-10-16 09:57:42 [INFO] driver out
2025-10-16 09:57:42 [DEBUG] headless mode
2025-10-16 09:57:42 [INFO] driver was started
2025-10-16 09:57:43 [INFO] driver was started
2025-10-16 09:57:43 [INFO] driver was started
2025-10-16 09:57:50 [INFO] page with name:  Специалист  по  информационной  безопасности  do, 
2025-10-16 09:57:50 [DEBUG] scr: https://rabota.by/vacancy/126223907?query=%D1%81%D0%BF%D0%B5%D1%86%D0%B8%D0%B0%D0%BB%D0%B8%D1%81%D1%82+%D0%BF%D0%BE+%D0%B8%D0%BD%D1%84%D0%BE%D1%80%D0%BC%D0%B0%D1%86%D0%B8%D0%BE%D0%BD%D0%BD%D0%BE%D0%B9+%D0%B1%D0%B5%D0%B7%D0%BE%D0%BF%D0%B0%D1%81%D0%BD%D0%BE%D1%81%D1%82%D0%B8&hhtmFrom=vacancy_search_list
2025-10-16 09:57:50 [INFO] page with name:  Специалист сектора мониторинга и реагирования на киберинциденты службы безопасности do, 
2025-10-16 09:57:50 [DEBUG] scr: https://rabota.by/vacancy/125661181?query=%D1%81%D0%BF%D0%B5%D1%86%D0%B8%D0%B0%D0%BB%D0%B8%D1%81%D1%82+%D0%BF%D0%BE+%D0%B8%D0%BD%D1%84%D0%BE%D1%80%D0%BC%D0%B0%D1%86%D0%B8%D0%BE%D0%BD%D0%BD%D0%BE%D0%B9+%D0%B1%D0%B5%D0%B7%D0%BE%D0%BF%D0%B0%D1%81%D0%BD%D0%BE%D1%81%D1%82%D0%B8&hhtmFrom=vacancy_search_list
2025-10-16 09:57:51 [INFO] page with name: Ведущий специалист  по защите информации do, 
2025-10-16 09:57:51 [DEBUG] scr: https://rabota.by/vacancy/119505362?query=%D1%81%D0%BF%D0%B5%D1%86%D0%B8%D0%B0%D0%BB%D0%B8%D1%81%D1%82+%D0%BF%D0%BE+%D0%B8%D0%BD%D1%84%D0%BE%D1%80%D0%BC%D0%B0%D1%86%D0%B8%D0%BE%D0%BD%D0%BD%D0%BE%D0%B9+%D0%B1%D0%B5%D0%B7%D0%BE%D0%BF%D0%B0%D1%81%D0%BD%D0%BE%D1%81%D1%82%D0%B8&hhtmFrom=vacancy_search_list
2025-10-16 09:57:51 [INFO] page with name:  Специалист  по  информационной  безопасности (SIEM) do, 
2025-10-16 09:57:51 [DEBUG] scr: https://rabota.by/vacancy/125900717?query=%D1%81%D0%BF%D0%B5%D1%86%D0%B8%D0%B0%D0%BB%D0%B8%D1%81%D1%82+%D0%BF%D0%BE+%D0%B8%D0%BD%D1%84%D0%BE%D1%80%D0%BC%D0%B0%D1%86%D0%B8%D0%BE%D0%BD%D0%BD%D0%BE%D0%B9+%D0%B1%D0%B5%D0%B7%D0%BE%D0%BF%D0%B0%D1%81%D0%BD%D0%BE%D1%81%D1%82%D0%B8&hhtmFrom=vacancy_search_list
2025-10-16 09:57:52 [INFO] driver out
2025-10-16 09:57:52 [INFO] driver out
2025-10-16 09:57:54 [INFO] driver out
2025-10-16 09:57:54 [INFO] driver out
2025-10-16 10:00:55 [INFO] Средняя зарплата: 2904.41 Br
2025-10-16 10:00:55 [INFO] Распределение по опыту работы:
2025-10-16 10:00:55 [INFO]   Опыт работы: 1–3 года: 50
2025-10-16 10:00:55 [INFO]   Опыт работы: 3–6 лет: 25
2025-10-16 10:00:55 [INFO]   Опыт работы: не требуется: 6
2025-10-16 10:00:55 [INFO]   Опыт работы: более 6 лет: 2
